[debug] [2018-04-17T15:29:18.753Z] ----------------------------------------------------------------------
[debug] [2018-04-17T15:29:18.759Z] Command:       C:\Program Files\nodejs\node.exe C:\Users\Arbaz Yousuf\AppData\Roaming\npm\node_modules\firebase-tools\bin\firebase deploy
[debug] [2018-04-17T15:29:18.760Z] CLI Version:   3.18.4
[debug] [2018-04-17T15:29:18.760Z] Platform:      win32
[debug] [2018-04-17T15:29:18.760Z] Node Version:  v8.9.1
[debug] [2018-04-17T15:29:18.761Z] Time:          Tue Apr 17 2018 20:29:18 GMT+0500 (Pakistan Standard Time)
[debug] [2018-04-17T15:29:18.762Z] ----------------------------------------------------------------------
[debug] 
[debug] [2018-04-17T15:29:18.822Z] > command requires scopes: ["email","openid","https://www.googleapis.com/auth/cloudplatformprojects.readonly","https://www.googleapis.com/auth/firebase","https://www.googleapis.com/auth/cloud-platform"]
[debug] [2018-04-17T15:29:18.824Z] > authorizing via signed-in user
[debug] [2018-04-17T15:29:18.830Z] > refreshing access token with scopes: ["email","https://www.googleapis.com/auth/cloud-platform","https://www.googleapis.com/auth/cloudplatformprojects.readonly","https://www.googleapis.com/auth/firebase","openid"]
[debug] [2018-04-17T15:29:18.831Z] >>> HTTP REQUEST POST https://www.googleapis.com/oauth2/v3/token  
 { refresh_token: '1/m8V-agwJZqzmj4Umb3wenvJCLPb41u_La0N6job2RqBP2NI8C7pLWJEoLqBDqj9Q',
  client_id: '563584335869-fgrhgmd47bqnekij5i8b5pr03ho849e6.apps.googleusercontent.com',
  client_secret: 'j9iVZfS8kkCEFUPaAeJV0sAi',
  grant_type: 'refresh_token',
  scope: 'email https://www.googleapis.com/auth/cloud-platform https://www.googleapis.com/auth/cloudplatformprojects.readonly https://www.googleapis.com/auth/firebase openid' } 
 Tue Apr 17 2018 20:29:18 GMT+0500 (Pakistan Standard Time)
[debug] [2018-04-17T15:29:26.393Z] <<< HTTP RESPONSE 200
[debug] [2018-04-17T15:29:26.488Z] >>> HTTP REQUEST GET https://admin.firebase.com/v1/projects/auro-watches  
  
 Tue Apr 17 2018 20:29:26 GMT+0500 (Pakistan Standard Time)
[debug] [2018-04-17T15:29:27.882Z] <<< HTTP RESPONSE 200
[debug] [2018-04-17T15:29:27.884Z] >>> HTTP REQUEST GET https://admin.firebase.com/v1/database/auro-watches/tokens  
  
 Tue Apr 17 2018 20:29:27 GMT+0500 (Pakistan Standard Time)
[debug] [2018-04-17T15:29:28.777Z] <<< HTTP RESPONSE 200
[info] 
[info] === Deploying to 'auro-watches'...
[info] 
[info] i  deploying hosting
[info] i  hosting: preparing public directory for upload...
[debug] [2018-04-17T15:29:58.315Z] >>> HTTP REQUEST PUT https://deploy.firebase.com/v1/hosting/auro-watches/uploads/-LAJDP9mC7uphlqGIV9S?fileCount=451&message=  
  
 Tue Apr 17 2018 20:29:58 GMT+0500 (Pakistan Standard Time)
